2017-03-25 20:50:36,765 [Worker-6] INFO  o.e.m.c.i.p.ProjectConfigurationManager - Collecting project info '/pom.xml' C:\Users\thand\workspace\JavaForLoop\wjunit\pom.xml
2017-03-25 20:50:46,510 [Worker-6] INFO  o.e.m.c.i.l.LifecycleMappingFactory - Using org.eclipse.m2e.jdt.JarLifecycleMapping lifecycle mapping for MavenProject: JavaFor:wjunit:0.0.1-SNAPSHOT @ C:\Users\thand\workspace\JavaForLoop\wjunit\pom.xml.
2017-03-25 20:50:50,161 [Worker-6] INFO  o.e.m.j.i.AbstractJavaProjectConfigurator - Adding source folder /wjunit/src/main/java
2017-03-25 20:50:50,163 [Worker-6] INFO  o.e.m.j.i.AbstractJavaProjectConfigurator - Adding source folder /wjunit/src/test/java
2017-03-25 20:50:52,448 [Worker-6] INFO  o.e.m.c.i.p.ProjectConfigurationManager - Imported and configured 1 project(s) in 15 sec
2017-03-25 20:50:53,844 [Worker-9] INFO  o.e.m.c.i.embedder.EclipseLogger - Using 'UTF-8' encoding to copy filtered resources.
2017-03-25 20:50:53,845 [Worker-9] INFO  o.e.m.c.i.embedder.EclipseLogger - skip non existing resourceDirectory C:\Users\thand\workspace\JavaForLoop\wjunit\src\main\resources
2017-03-25 20:50:53,847 [Worker-9] INFO  o.e.m.c.i.embedder.EclipseLogger - Using 'UTF-8' encoding to copy filtered resources.
2017-03-25 20:50:53,847 [Worker-9] INFO  o.e.m.c.i.embedder.EclipseLogger - skip non existing resourceDirectory C:\Users\thand\workspace\JavaForLoop\wjunit\src\test\resources
2017-03-25 20:52:09,854 [Worker-10] INFO  o.e.m.c.i.embedder.EclipseLogger - Using 'UTF-8' encoding to copy filtered resources.
2017-03-25 20:52:09,854 [Worker-10] INFO  o.e.m.c.i.embedder.EclipseLogger - skip non existing resourceDirectory C:\Users\thand\workspace\JavaForLoop\wjunit\src\main\resources
2017-03-25 20:52:09,856 [Worker-10] INFO  o.e.m.c.i.embedder.EclipseLogger - Using 'UTF-8' encoding to copy filtered resources.
2017-03-25 20:52:09,856 [Worker-10] INFO  o.e.m.c.i.embedder.EclipseLogger - skip non existing resourceDirectory C:\Users\thand\workspace\JavaForLoop\wjunit\src\test\resources
2017-03-25 20:53:06,951 [Worker-7] INFO  o.e.m.c.i.embedder.EclipseLogger - Using 'UTF-8' encoding to copy filtered resources.
2017-03-25 20:53:06,951 [Worker-7] INFO  o.e.m.c.i.embedder.EclipseLogger - skip non existing resourceDirectory C:\Users\thand\workspace\JavaForLoop\wjunit\src\main\resources
2017-03-25 20:53:06,953 [Worker-7] INFO  o.e.m.c.i.embedder.EclipseLogger - Using 'UTF-8' encoding to copy filtered resources.
2017-03-25 20:53:06,953 [Worker-7] INFO  o.e.m.c.i.embedder.EclipseLogger - skip non existing resourceDirectory C:\Users\thand\workspace\JavaForLoop\wjunit\src\test\resources
2017-03-25 20:54:23,628 [Worker-15] INFO  o.e.m.c.i.embedder.EclipseLogger - Using 'UTF-8' encoding to copy filtered resources.
2017-03-25 20:54:23,629 [Worker-15] INFO  o.e.m.c.i.embedder.EclipseLogger - skip non existing resourceDirectory C:\Users\thand\workspace\JavaForLoop\wjunit\src\main\resources
2017-03-25 20:54:23,630 [Worker-15] INFO  o.e.m.c.i.embedder.EclipseLogger - Using 'UTF-8' encoding to copy filtered resources.
2017-03-25 20:54:23,631 [Worker-15] INFO  o.e.m.c.i.embedder.EclipseLogger - skip non existing resourceDirectory C:\Users\thand\workspace\JavaForLoop\wjunit\src\test\resources
2017-03-25 20:55:58,764 [Worker-6] INFO  o.e.m.c.i.embedder.EclipseLogger - Using 'UTF-8' encoding to copy filtered resources.
2017-03-25 20:55:58,764 [Worker-6] INFO  o.e.m.c.i.embedder.EclipseLogger - skip non existing resourceDirectory C:\Users\thand\workspace\JavaForLoop\wjunit\src\main\resources
2017-03-25 20:55:58,765 [Worker-6] INFO  o.e.m.c.i.embedder.EclipseLogger - Using 'UTF-8' encoding to copy filtered resources.
2017-03-25 20:55:58,765 [Worker-6] INFO  o.e.m.c.i.embedder.EclipseLogger - skip non existing resourceDirectory C:\Users\thand\workspace\JavaForLoop\wjunit\src\test\resources
2017-03-25 20:56:20,047 [Worker-0] INFO  o.e.m.c.i.embedder.EclipseLogger - Using 'UTF-8' encoding to copy filtered resources.
2017-03-25 20:56:20,047 [Worker-0] INFO  o.e.m.c.i.embedder.EclipseLogger - skip non existing resourceDirectory C:\Users\thand\workspace\JavaForLoop\wjunit\src\main\resources
2017-03-25 20:56:20,048 [Worker-0] INFO  o.e.m.c.i.embedder.EclipseLogger - Using 'UTF-8' encoding to copy filtered resources.
2017-03-25 20:56:20,048 [Worker-0] INFO  o.e.m.c.i.embedder.EclipseLogger - skip non existing resourceDirectory C:\Users\thand\workspace\JavaForLoop\wjunit\src\test\resources
2017-03-25 20:56:29,436 [Worker-15] INFO  o.e.m.c.i.embedder.EclipseLogger - Using 'UTF-8' encoding to copy filtered resources.
2017-03-25 20:56:29,437 [Worker-15] INFO  o.e.m.c.i.embedder.EclipseLogger - skip non existing resourceDirectory C:\Users\thand\workspace\JavaForLoop\wjunit\src\main\resources
2017-03-25 20:56:29,439 [Worker-15] INFO  o.e.m.c.i.embedder.EclipseLogger - Using 'UTF-8' encoding to copy filtered resources.
2017-03-25 20:56:29,439 [Worker-15] INFO  o.e.m.c.i.embedder.EclipseLogger - skip non existing resourceDirectory C:\Users\thand\workspace\JavaForLoop\wjunit\src\test\resources
2017-03-25 20:57:27,330 [Worker-7] INFO  o.e.m.c.i.embedder.EclipseLogger - Using 'UTF-8' encoding to copy filtered resources.
2017-03-25 20:57:27,330 [Worker-7] INFO  o.e.m.c.i.embedder.EclipseLogger - skip non existing resourceDirectory C:\Users\thand\workspace\JavaForLoop\wjunit\src\main\resources
2017-03-25 20:57:27,332 [Worker-7] INFO  o.e.m.c.i.embedder.EclipseLogger - Using 'UTF-8' encoding to copy filtered resources.
2017-03-25 20:57:27,333 [Worker-7] INFO  o.e.m.c.i.embedder.EclipseLogger - skip non existing resourceDirectory C:\Users\thand\workspace\JavaForLoop\wjunit\src\test\resources
2017-03-25 21:01:34,963 [Worker-9] INFO  o.e.m.c.i.embedder.EclipseLogger - Using 'UTF-8' encoding to copy filtered resources.
2017-03-25 21:01:34,963 [Worker-9] INFO  o.e.m.c.i.embedder.EclipseLogger - skip non existing resourceDirectory C:\Users\thand\workspace\JavaForLoop\wjunit\src\main\resources
2017-03-25 21:01:34,966 [Worker-9] INFO  o.e.m.c.i.embedder.EclipseLogger - Using 'UTF-8' encoding to copy filtered resources.
2017-03-25 21:01:34,967 [Worker-9] INFO  o.e.m.c.i.embedder.EclipseLogger - skip non existing resourceDirectory C:\Users\thand\workspace\JavaForLoop\wjunit\src\test\resources
2017-03-25 21:02:04,658 [Worker-9] INFO  o.e.m.c.i.embedder.EclipseLogger - Using 'UTF-8' encoding to copy filtered resources.
2017-03-25 21:02:04,658 [Worker-9] INFO  o.e.m.c.i.embedder.EclipseLogger - skip non existing resourceDirectory C:\Users\thand\workspace\JavaForLoop\wjunit\src\main\resources
2017-03-25 21:02:04,660 [Worker-9] INFO  o.e.m.c.i.embedder.EclipseLogger - Using 'UTF-8' encoding to copy filtered resources.
2017-03-25 21:02:04,660 [Worker-9] INFO  o.e.m.c.i.embedder.EclipseLogger - skip non existing resourceDirectory C:\Users\thand\workspace\JavaForLoop\wjunit\src\test\resources
2017-03-25 21:04:39,434 [Worker-9] INFO  o.e.m.c.i.embedder.EclipseLogger - Using 'UTF-8' encoding to copy filtered resources.
2017-03-25 21:04:39,434 [Worker-9] INFO  o.e.m.c.i.embedder.EclipseLogger - skip non existing resourceDirectory C:\Users\thand\workspace\JavaForLoop\wjunit\src\main\resources
2017-03-25 21:04:39,437 [Worker-9] INFO  o.e.m.c.i.embedder.EclipseLogger - Using 'UTF-8' encoding to copy filtered resources.
2017-03-25 21:04:39,437 [Worker-9] INFO  o.e.m.c.i.embedder.EclipseLogger - skip non existing resourceDirectory C:\Users\thand\workspace\JavaForLoop\wjunit\src\test\resources
2017-05-14 18:22:11,110 [Worker-4] INFO  o.e.m.c.i.l.LifecycleMappingFactory - Using org.eclipse.m2e.jdt.JarLifecycleMapping lifecycle mapping for MavenProject: JavaFor:wjunit:0.0.1-SNAPSHOT @ C:\Users\thand\workspace\JavaForLoop\wjunit\pom.xml.
2017-05-14 18:22:13,583 [Worker-11] INFO  o.e.m.c.i.embedder.EclipseLogger - Using 'UTF-8' encoding to copy filtered resources.
2017-05-14 18:22:13,584 [Worker-11] INFO  o.e.m.c.i.embedder.EclipseLogger - skip non existing resourceDirectory C:\Users\thand\workspace\JavaForLoop\wjunit\src\main\resources
2017-05-14 18:22:13,586 [Worker-11] INFO  o.e.m.c.i.embedder.EclipseLogger - Using 'UTF-8' encoding to copy filtered resources.
2017-05-14 18:22:13,586 [Worker-11] INFO  o.e.m.c.i.embedder.EclipseLogger - skip non existing resourceDirectory C:\Users\thand\workspace\JavaForLoop\wjunit\src\test\resources
